[2021-09-04T01:09:15.139] [DEBUG] cheese - login => username:yewei,password:123456
[2021-09-04T01:09:15.142] [DEBUG] cheese - yewei
[2021-09-04T01:09:15.148] [DEBUG] cheese - null
[2021-09-04T01:09:15.148] [DEBUG] cheese - null
[2021-09-04T01:09:31.818] [DEBUG] cheese - login => username:admin,password:123456
[2021-09-04T01:09:31.818] [DEBUG] cheese - admin
[2021-09-04T01:09:31.821] [DEBUG] cheese - null
[2021-09-04T01:09:31.822] [DEBUG] cheese - null
[2021-09-04T12:01:11.074] [DEBUG] cheese - login => username:admin,password:123456
[2021-09-04T12:01:11.075] [DEBUG] cheese - admin
[2021-09-04T12:01:11.084] [DEBUG] cheese - null
[2021-09-04T12:01:11.084] [DEBUG] cheese - null
[2021-09-04T12:01:17.165] [DEBUG] cheese - login => username:123,password:123456
[2021-09-04T12:01:17.165] [DEBUG] cheese - 123
[2021-09-04T12:01:17.167] [DEBUG] cheese - null
[2021-09-04T12:01:17.167] [DEBUG] cheese - null
[2021-09-04T17:05:22.660] [DEBUG] cheese - login => username:yewei,password:123111
[2021-09-04T17:05:22.661] [DEBUG] cheese - yewei
[2021-09-04T17:05:22.668] [DEBUG] cheese - null
[2021-09-04T17:05:22.668] [DEBUG] cheese - null
[2021-09-04T17:05:59.522] [DEBUG] cheese - login => username:yewei,password:123111
[2021-09-04T17:05:59.522] [DEBUG] cheese - yewei
[2021-09-04T17:05:59.523] [DEBUG] cheese - null
[2021-09-04T17:05:59.523] [DEBUG] cheese - null
[2021-09-04T17:10:21.658] [DEBUG] cheese - login => username:yewei,password:123111
[2021-09-04T17:10:21.658] [DEBUG] cheese - yewei
[2021-09-04T17:10:21.660] [DEBUG] cheese - null
[2021-09-04T17:10:21.660] [DEBUG] cheese - null
[2021-09-04T17:11:42.078] [DEBUG] cheese - login => username:yewei,password:123111
[2021-09-04T17:11:42.079] [DEBUG] cheese - yewei
[2021-09-04T17:11:42.080] [DEBUG] cheese - null
[2021-09-04T17:11:42.080] [DEBUG] cheese - null
[2021-09-04T17:11:51.174] [DEBUG] cheese - login => username:yewei,password:123111
[2021-09-04T17:11:51.174] [DEBUG] cheese - yewei
[2021-09-04T17:11:51.176] [DEBUG] cheese - null
[2021-09-04T17:11:51.176] [DEBUG] cheese - null
[2021-09-04T17:12:22.341] [DEBUG] cheese - login => username:yewei,password:123111
[2021-09-04T17:12:22.341] [DEBUG] cheese - yewei
[2021-09-04T17:12:22.343] [DEBUG] cheese - null
[2021-09-04T17:12:22.343] [DEBUG] cheese - null
[2021-09-04T17:12:38.960] [DEBUG] cheese - login => username:yewei,password:123111
[2021-09-04T17:12:38.960] [DEBUG] cheese - yewei
[2021-09-04T17:12:38.962] [DEBUG] cheese - null
[2021-09-04T17:12:38.962] [DEBUG] cheese - null
[2021-09-04T17:13:40.683] [DEBUG] cheese - login => username:yewei,password:123111
[2021-09-04T17:13:40.683] [DEBUG] cheese - yewei
[2021-09-04T17:13:40.684] [DEBUG] cheese - null
[2021-09-04T17:13:40.684] [DEBUG] cheese - null
[2021-09-04T17:15:34.986] [DEBUG] cheese - login => username:yewei,password:123111
[2021-09-04T17:15:34.986] [DEBUG] cheese - yewei
[2021-09-04T17:15:34.987] [DEBUG] cheese - null
[2021-09-04T17:15:34.987] [DEBUG] cheese - null
[2021-09-04T17:15:43.979] [DEBUG] cheese - login => username:admin,password:123456
[2021-09-04T17:15:43.980] [DEBUG] cheese - admin
[2021-09-04T17:15:43.981] [DEBUG] cheese - null
[2021-09-04T17:15:43.981] [DEBUG] cheese - null
[2021-09-04T17:24:31.829] [DEBUG] cheese - login => username:yewei,password:123111
[2021-09-04T17:24:31.829] [DEBUG] cheese - yewei
[2021-09-04T17:24:31.830] [DEBUG] cheese - null
[2021-09-04T17:24:31.830] [DEBUG] cheese - null
[2021-09-04T17:24:54.393] [DEBUG] cheese - login => username:admin,password:123456
[2021-09-04T17:24:54.393] [DEBUG] cheese - admin
[2021-09-04T17:24:54.394] [DEBUG] cheese - null
[2021-09-04T17:24:54.394] [DEBUG] cheese - null
[2021-09-04T17:25:20.653] [DEBUG] cheese - login => username:yewei,password:123111
[2021-09-04T17:25:20.653] [DEBUG] cheese - yewei
[2021-09-04T17:25:20.654] [DEBUG] cheese - null
[2021-09-04T17:25:20.654] [DEBUG] cheese - null
[2021-09-04T17:26:48.971] [DEBUG] cheese - login => username:yewei,password:123111
[2021-09-04T17:26:48.971] [DEBUG] cheese - yewei
[2021-09-04T17:26:48.974] [DEBUG] cheese - null
[2021-09-04T17:26:48.975] [DEBUG] cheese - null
[2021-09-04T17:27:28.962] [DEBUG] cheese - login => username:yewei,password:123111
[2021-09-04T17:27:28.962] [DEBUG] cheese - yewei
[2021-09-04T17:27:28.963] [DEBUG] cheese - null
[2021-09-04T17:27:28.963] [DEBUG] cheese - null
[2021-09-04T17:27:46.326] [DEBUG] cheese - login => username:yewei,password:123111
[2021-09-04T17:27:46.326] [DEBUG] cheese - yewei
[2021-09-04T17:27:46.328] [DEBUG] cheese - null
[2021-09-04T17:27:46.328] [DEBUG] cheese - null
[2021-09-04T17:28:10.509] [DEBUG] cheese - login => username:yewei,password:123111
[2021-09-04T17:28:10.509] [DEBUG] cheese - yewei
[2021-09-04T17:28:10.510] [DEBUG] cheese - null
[2021-09-04T17:28:10.510] [DEBUG] cheese - null
[2021-09-04T17:34:59.247] [DEBUG] cheese - login => username:yewei,password:123111
[2021-09-04T17:34:59.247] [DEBUG] cheese - yewei
[2021-09-04T17:34:59.250] [DEBUG] cheese - null
[2021-09-04T17:34:59.250] [DEBUG] cheese - null
[2021-09-04T17:44:39.134] [DEBUG] cheese - login => username:yewei,password:123111
[2021-09-04T17:44:39.134] [DEBUG] cheese - yewei
[2021-09-04T17:44:39.135] [DEBUG] cheese - null
[2021-09-04T17:44:39.135] [DEBUG] cheese - null
[2021-09-04T17:44:59.439] [DEBUG] cheese - login => username:yewei,password:123111
[2021-09-04T17:44:59.439] [DEBUG] cheese - yewei
[2021-09-04T17:44:59.440] [DEBUG] cheese - null
[2021-09-04T17:44:59.440] [DEBUG] cheese - null
[2021-09-04T17:45:14.358] [DEBUG] cheese - login => username:admin,password:123456
[2021-09-04T17:45:14.358] [DEBUG] cheese - admin
[2021-09-04T17:45:14.359] [DEBUG] cheese - null
[2021-09-04T17:45:14.360] [DEBUG] cheese - null
[2021-09-04T17:45:38.637] [DEBUG] cheese - login => username:yewei,password:123111
[2021-09-04T17:45:38.637] [DEBUG] cheese - yewei
[2021-09-04T17:45:38.638] [DEBUG] cheese - null
[2021-09-04T17:45:38.638] [DEBUG] cheese - null
[2021-09-04T17:46:09.346] [DEBUG] cheese - login => username:admin,password:123456
[2021-09-04T17:46:09.346] [DEBUG] cheese - admin
[2021-09-04T17:46:09.347] [DEBUG] cheese - null
[2021-09-04T17:46:09.347] [DEBUG] cheese - null
[2021-09-04T17:46:22.574] [DEBUG] cheese - login => username:admin,password:123456
[2021-09-04T17:46:22.574] [DEBUG] cheese - admin
[2021-09-04T17:46:22.576] [DEBUG] cheese - null
[2021-09-04T17:46:22.576] [DEBUG] cheese - null
[2021-09-04T18:57:01.383] [DEBUG] cheese - login => username:admin,password:123456
[2021-09-04T18:57:01.383] [DEBUG] cheese - admin
[2021-09-04T18:57:01.385] [DEBUG] cheese - null
[2021-09-04T18:57:01.385] [DEBUG] cheese - null
[2021-09-04T18:59:54.187] [DEBUG] cheese - login => username:admin,password:123456
[2021-09-04T18:59:54.187] [DEBUG] cheese - admin
[2021-09-04T18:59:54.189] [DEBUG] cheese - null
[2021-09-04T18:59:54.189] [DEBUG] cheese - null
[2021-09-04T19:00:14.112] [DEBUG] cheese - login => username:admin,password:123456
[2021-09-04T19:00:14.112] [DEBUG] cheese - admin
[2021-09-04T19:00:14.114] [DEBUG] cheese - null
[2021-09-04T19:00:14.114] [DEBUG] cheese - null
[2021-09-04T19:00:20.448] [DEBUG] cheese - login => username:admin,password:123456
[2021-09-04T19:00:20.448] [DEBUG] cheese - admin
[2021-09-04T19:00:20.450] [DEBUG] cheese - null
[2021-09-04T19:00:20.450] [DEBUG] cheese - null
[2021-09-04T19:01:01.680] [DEBUG] cheese - login => username:admin,password:123456
[2021-09-04T19:01:01.680] [DEBUG] cheese - admin
[2021-09-04T19:01:01.681] [DEBUG] cheese - null
[2021-09-04T19:01:01.681] [DEBUG] cheese - null
[2021-09-04T19:02:58.021] [DEBUG] cheese - login => username:admin,password:123456
[2021-09-04T19:02:58.021] [DEBUG] cheese - admin
[2021-09-04T19:02:58.023] [DEBUG] cheese - null
[2021-09-04T19:02:58.023] [DEBUG] cheese - null
[2021-09-04T20:56:11.643] [DEBUG] cheese - login => username:admin,password:123456
[2021-09-04T20:56:11.643] [DEBUG] cheese - admin
[2021-09-04T20:56:11.649] [DEBUG] cheese - null
[2021-09-04T20:56:11.649] [DEBUG] cheese - null
[2021-09-04T20:58:32.465] [DEBUG] cheese - login => username:admin,password:123456
[2021-09-04T20:58:32.465] [DEBUG] cheese - admin
[2021-09-04T20:58:32.467] [DEBUG] cheese - null
[2021-09-04T20:58:32.467] [DEBUG] cheese - null
[2021-09-04T22:00:39.682] [DEBUG] cheese - login => username:admin,password:123456
[2021-09-04T22:00:39.682] [DEBUG] cheese - admin
[2021-09-04T22:00:39.684] [DEBUG] cheese - null
[2021-09-04T22:00:39.684] [DEBUG] cheese - null
[2021-09-04T22:04:31.084] [DEBUG] cheese - login => username:admin,password:123456
[2021-09-04T22:04:31.084] [DEBUG] cheese - admin
[2021-09-04T22:04:31.085] [DEBUG] cheese - null
[2021-09-04T22:04:31.086] [DEBUG] cheese - null
[2021-09-04T23:01:41.301] [DEBUG] cheese - login => username:admin,password:123456
[2021-09-04T23:01:41.301] [DEBUG] cheese - admin
[2021-09-04T23:01:41.303] [DEBUG] cheese - null
[2021-09-04T23:01:41.304] [DEBUG] cheese - null
[2021-09-04T23:01:50.868] [DEBUG] cheese - login => username:admin,password:123456
[2021-09-04T23:01:50.868] [DEBUG] cheese - admin
[2021-09-04T23:01:50.869] [DEBUG] cheese - null
[2021-09-04T23:01:50.869] [DEBUG] cheese - null
[2021-09-04T23:02:49.793] [DEBUG] cheese - login => username:admin,password:123456
[2021-09-04T23:02:49.793] [DEBUG] cheese - admin
[2021-09-04T23:02:49.794] [DEBUG] cheese - null
[2021-09-04T23:02:49.794] [DEBUG] cheese - null
[2021-09-04T23:13:56.430] [DEBUG] cheese - login => username:admin,password:123456
[2021-09-04T23:13:56.431] [DEBUG] cheese - admin
[2021-09-04T23:13:56.433] [DEBUG] cheese - null
[2021-09-04T23:13:56.433] [DEBUG] cheese - null
[2021-09-04T23:20:42.706] [DEBUG] cheese - login => username:admin,password:123456
[2021-09-04T23:20:42.706] [DEBUG] cheese - admin
[2021-09-04T23:20:42.707] [DEBUG] cheese - null
[2021-09-04T23:20:42.707] [DEBUG] cheese - null
[2021-09-04T23:21:25.318] [DEBUG] cheese - login => username:admin,password:123456
[2021-09-04T23:21:25.318] [DEBUG] cheese - admin
[2021-09-04T23:21:25.320] [DEBUG] cheese - null
[2021-09-04T23:21:25.320] [DEBUG] cheese - null
[2021-09-04T23:24:41.626] [DEBUG] cheese - login => username:admin,password:123456
[2021-09-04T23:24:41.626] [DEBUG] cheese - admin
[2021-09-04T23:24:41.629] [DEBUG] cheese - null
[2021-09-04T23:24:41.629] [DEBUG] cheese - null
[2021-09-04T23:26:38.116] [DEBUG] cheese - login => username:admin,password:123456
[2021-09-04T23:26:38.116] [DEBUG] cheese - admin
[2021-09-04T23:26:38.118] [DEBUG] cheese - null
[2021-09-04T23:26:38.118] [DEBUG] cheese - null
[2021-09-04T23:28:19.439] [DEBUG] cheese - login => username:admin,password:123456
[2021-09-04T23:28:19.439] [DEBUG] cheese - admin
[2021-09-04T23:28:19.442] [DEBUG] cheese - null
[2021-09-04T23:28:19.442] [DEBUG] cheese - null
[2021-09-05T01:09:32.649] [DEBUG] cheese - login => username:admin,password:123456
[2021-09-05T01:09:32.650] [DEBUG] cheese - admin
[2021-09-05T01:09:32.654] [DEBUG] cheese - null
[2021-09-05T01:09:32.654] [DEBUG] cheese - null
[2021-09-05T01:11:43.117] [DEBUG] cheese - login => username:admin,password:123456
[2021-09-05T01:11:43.117] [DEBUG] cheese - admin
[2021-09-05T01:11:43.118] [DEBUG] cheese - null
[2021-09-05T01:11:43.118] [DEBUG] cheese - null
[2021-09-05T01:18:29.338] [DEBUG] cheese - login => username:admin,password:123456
[2021-09-05T01:18:29.338] [DEBUG] cheese - admin
[2021-09-05T01:18:29.340] [DEBUG] cheese - null
[2021-09-05T01:18:29.340] [DEBUG] cheese - null
[2021-09-05T09:31:08.005] [DEBUG] cheese - login => username:admin,password:123456
[2021-09-05T09:31:08.005] [DEBUG] cheese - admin
[2021-09-05T09:31:08.008] [DEBUG] cheese - null
[2021-09-05T09:31:08.008] [DEBUG] cheese - null
